d:\微信开发\wechatpc-master\wechatpc-master\wechatdll\wechatdll\debug\wechatdll.pch
d:\微信开发\wechatpc-master\wechatpc-master\wechatdll\wechatdll\debug\vc141.pdb
d:\微信开发\wechatpc-master\wechatpc-master\wechatdll\wechatdll\debug\vc141.idb
d:\微信开发\wechatpc-master\wechatpc-master\wechatdll\wechatdll\debug\stdafx.obj
d:\微信开发\wechatpc-master\wechatpc-master\wechatdll\wechatdll\debug\logininfo.obj
d:\微信开发\wechatpc-master\wechatpc-master\wechatdll\wechatdll\debug\wechatdll.obj
d:\微信开发\wechatpc-master\wechatpc-master\wechatdll\wechatdll\debug\room.obj
d:\微信开发\wechatpc-master\wechatpc-master\wechatdll\wechatdll\debug\message.obj
d:\微信开发\wechatpc-master\wechatpc-master\wechatdll\wechatdll\debug\login.obj
d:\微信开发\wechatpc-master\wechatpc-master\wechatdll\wechatdll\debug\friends.obj
d:\微信开发\wechatpc-master\wechatpc-master\wechatdll\wechatdll\debug\websocket.obj
d:\微信开发\wechatpc-master\wechatpc-master\wechatdll\wechatdll\debug\transfer.obj
d:\微信开发\wechatpc-master\wechatpc-master\wechatdll\wechatdll\debug\sql.obj
d:\微信开发\wechatpc-master\wechatpc-master\wechatdll\wechatdll\debug\sha1.obj
d:\微信开发\wechatpc-master\wechatpc-master\wechatdll\wechatdll\debug\send.obj
d:\微信开发\wechatpc-master\wechatpc-master\wechatdll\wechatdll\debug\receive.obj
d:\微信开发\wechatpc-master\wechatpc-master\wechatdll\wechatdll\debug\read_write.obj
d:\微信开发\wechatpc-master\wechatpc-master\wechatdll\wechatdll\debug\package.obj
d:\微信开发\wechatpc-master\wechatpc-master\wechatdll\wechatdll\debug\md5.obj
d:\微信开发\wechatpc-master\wechatpc-master\wechatdll\wechatdll\debug\download.obj
d:\微信开发\wechatpc-master\wechatpc-master\wechatdll\wechatdll\debug\dllmain.obj
d:\微信开发\wechatpc-master\wechatpc-master\wechatdll\wechatdll\debug\common.obj
d:\微信开发\wechatpc-master\wechatpc-master\wechatdll\wechatdll\debug\base64.obj
d:\微信开发\wechatpc-master\wechatpc-master\bin\debug\wechatdll.ilk
d:\微信开发\wechatpc-master\wechatpc-master\bin\debug\wechatdll.dll
d:\微信开发\wechatpc-master\wechatpc-master\bin\debug\wechatdll.pdb
d:\微信开发\wechatpc-master\wechatpc-master\wechatdll\wechatdll\debug\wechatdll.res
d:\微信开发\wechatpc-master\新建文件夹\wechatpc\wechatdll\wechatdll\debug\base64.obj
d:\微信开发\wechatpc-master\新建文件夹\wechatpc\wechatdll\wechatdll\debug\common.obj
d:\微信开发\wechatpc-master\新建文件夹\wechatpc\wechatdll\wechatdll\debug\dllmain.obj
d:\微信开发\wechatpc-master\新建文件夹\wechatpc\wechatdll\wechatdll\debug\download.obj
d:\微信开发\wechatpc-master\新建文件夹\wechatpc\wechatdll\wechatdll\debug\friends.obj
d:\微信开发\wechatpc-master\新建文件夹\wechatpc\wechatdll\wechatdll\debug\login.obj
d:\微信开发\wechatpc-master\新建文件夹\wechatpc\wechatdll\wechatdll\debug\logininfo.obj
d:\微信开发\wechatpc-master\新建文件夹\wechatpc\wechatdll\wechatdll\debug\md5.obj
d:\微信开发\wechatpc-master\新建文件夹\wechatpc\wechatdll\wechatdll\debug\message.obj
d:\微信开发\wechatpc-master\新建文件夹\wechatpc\wechatdll\wechatdll\debug\package.obj
d:\微信开发\wechatpc-master\新建文件夹\wechatpc\wechatdll\wechatdll\debug\read_write.obj
d:\微信开发\wechatpc-master\新建文件夹\wechatpc\wechatdll\wechatdll\debug\receive.obj
d:\微信开发\wechatpc-master\新建文件夹\wechatpc\wechatdll\wechatdll\debug\room.obj
d:\微信开发\wechatpc-master\新建文件夹\wechatpc\wechatdll\wechatdll\debug\send.obj
d:\微信开发\wechatpc-master\新建文件夹\wechatpc\wechatdll\wechatdll\debug\sha1.obj
d:\微信开发\wechatpc-master\新建文件夹\wechatpc\wechatdll\wechatdll\debug\sql.obj
d:\微信开发\wechatpc-master\新建文件夹\wechatpc\wechatdll\wechatdll\debug\stdafx.obj
d:\微信开发\wechatpc-master\新建文件夹\wechatpc\wechatdll\wechatdll\debug\transfer.obj
d:\微信开发\wechatpc-master\新建文件夹\wechatpc\wechatdll\wechatdll\debug\websocket.obj
d:\微信开发\wechatpc-master\新建文件夹\wechatpc\wechatdll\wechatdll\debug\wechatdll.obj
d:\微信开发\wechatpc-master\新建文件夹\wechatpc\wechatdll\wechatdll\debug\wechatdll.res
d:\微信开发\wechatpc-master\新建文件夹\wechatpc\wechatdll\wechatdll\debug\wechatdll.pch
d:\微信开发\wechatpc-master\新建文件夹\wechatpc\wechatdll\wechatdll\debug\vc141.idb
d:\微信开发\wechatpc-master\新建文件夹\wechatpc\wechatdll\wechatdll\debug\vc141.pdb
d:\微信开发\wechatpc-master\新建文件夹\wechatpc\wechatdll\wechatdll\../../bin/debug\wechatdll.dll
d:\微信开发\wechatpc-master\新建文件夹\wechatpc\wechatdll\wechatdll\debug\wechatdll.tlog\cl.command.1.tlog
d:\微信开发\wechatpc-master\新建文件夹\wechatpc\wechatdll\wechatdll\debug\wechatdll.tlog\cl.read.1.tlog
d:\微信开发\wechatpc-master\新建文件夹\wechatpc\wechatdll\wechatdll\debug\wechatdll.tlog\cl.write.1.tlog
d:\微信开发\wechatpc-master\新建文件夹\wechatpc\wechatdll\wechatdll\debug\wechatdll.tlog\link.command.1.tlog
d:\微信开发\wechatpc-master\新建文件夹\wechatpc\wechatdll\wechatdll\debug\wechatdll.tlog\link.read.1.tlog
d:\微信开发\wechatpc-master\新建文件夹\wechatpc\wechatdll\wechatdll\debug\wechatdll.tlog\link.write.1.tlog
d:\微信开发\wechatpc-master\新建文件夹\wechatpc\wechatdll\wechatdll\debug\wechatdll.tlog\rc.command.1.tlog
d:\微信开发\wechatpc-master\新建文件夹\wechatpc\wechatdll\wechatdll\debug\wechatdll.tlog\rc.read.1.tlog
d:\微信开发\wechatpc-master\新建文件夹\wechatpc\wechatdll\wechatdll\debug\wechatdll.tlog\rc.write.1.tlog
